Started GET "/" for ::1 at 2019-05-21 15:46:21 +0900
Processing by Rails::WelcomeController#index as HTML
  Rendering /Library/Ruby/Gems/2.3.0/gems/railties-5.2.3/lib/rails/templates/rails/welcome/index.html.erb
  Rendered /Library/Ruby/Gems/2.3.0/gems/railties-5.2.3/lib/rails/templates/rails/welcome/index.html.erb (9.2ms)
Completed 200 OK in 76ms (Views: 20.3ms | ActiveRecord: 0.0ms)


Started GET "/" for ::1 at 2019-05-21 21:41:04 +0900
Processing by TopController#index as HTML
  Rendering top/index.html.erb within layouts/application
  Rendered top/index.html.erb within layouts/application (1.7ms)
Completed 200 OK in 511ms (Views: 465.5ms | ActiveRecord: 0.0ms)


Started GET "/" for ::1 at 2019-05-21 21:44:47 +0900
Processing by TopController#index as HTML
  Rendering top/index.html.erb within layouts/application
  Rendered top/index.html.erb within layouts/application (2.7ms)
Completed 200 OK in 416ms (Views: 375.0ms | ActiveRecord: 0.0ms)


Started GET "/" for ::1 at 2019-06-03 22:51:21 +0900
Processing by TopController#index as HTML
  Rendering top/index.html.erb within layouts/application
  Rendered top/index.html.erb within layouts/application (2.9ms)
Completed 200 OK in 439ms (Views: 408.3ms | ActiveRecord: 0.0ms)


Started GET "/about" for ::1 at 2019-06-03 22:51:53 +0900
  
ActionController::RoutingError (No route matches [GET] "/about"):
  
actionpack (5.2.3) lib/action_dispatch/middleware/debug_exceptions.rb:65:in `call'
web-console (3.7.0) lib/web_console/middleware.rb:135:in `call_app'
web-console (3.7.0) lib/web_console/middleware.rb:30:in `block in call'
web-console (3.7.0) lib/web_console/middleware.rb:20:in `catch'
web-console (3.7.0) lib/web_console/middleware.rb:20:in `call'
actionpack (5.2.3) lib/action_dispatch/middleware/show_exceptions.rb:33:in `call'
railties (5.2.3) lib/rails/rack/logger.rb:38:in `call_app'
railties (5.2.3) lib/rails/rack/logger.rb:26:in `block in call'
activesupport (5.2.3) lib/active_support/tagged_logging.rb:71:in `block in tagged'
activesupport (5.2.3) lib/active_support/tagged_logging.rb:28:in `tagged'
activesupport (5.2.3) lib/active_support/tagged_logging.rb:71:in `tagged'
railties (5.2.3) lib/rails/rack/logger.rb:26:in `call'
sprockets-rails (3.2.1) lib/sprockets/rails/quiet_assets.rb:13:in `call'
actionpack (5.2.3) lib/action_dispatch/middleware/remote_ip.rb:81:in `call'
actionpack (5.2.3) lib/action_dispatch/middleware/request_id.rb:27:in `call'
rack (2.0.7) lib/rack/method_override.rb:22:in `call'
rack (2.0.7) lib/rack/runtime.rb:22:in `call'
activesupport (5.2.3) lib/active_support/cache/strategy/local_cache_middleware.rb:29:in `call'
actionpack (5.2.3) lib/action_dispatch/middleware/executor.rb:14:in `call'
actionpack (5.2.3) lib/action_dispatch/middleware/static.rb:127:in `call'
rack (2.0.7) lib/rack/sendfile.rb:111:in `call'
railties (5.2.3) lib/rails/engine.rb:524:in `call'
puma (3.12.1) lib/puma/configuration.rb:227:in `call'
puma (3.12.1) lib/puma/server.rb:660:in `handle_request'
puma (3.12.1) lib/puma/server.rb:474:in `process_client'
puma (3.12.1) lib/puma/server.rb:334:in `block in run'
puma (3.12.1) lib/puma/thread_pool.rb:135:in `block in spawn_thread'
Started GET "/about" for ::1 at 2019-06-03 22:53:10 +0900
  
SyntaxError (/Users/takaterumasa/rails_practice1/asagao/config/routes.rb:3: syntax error, unexpected tSTRING_BEG, expecting keyword_do or '{' or '('
  get "about" => "top#about", as "about"
                                  ^):
  
config/routes.rb:3: syntax error, unexpected tSTRING_BEG, expecting keyword_do or '{' or '('
Started GET "/about" for ::1 at 2019-06-03 22:54:10 +0900
Processing by TopController#about as HTML
  Rendering top/about.html.erb within layouts/application
  Rendered top/about.html.erb within layouts/application (3.0ms)
Completed 200 OK in 71ms (Views: 52.7ms | ActiveRecord: 0.0ms)


Started GET "/about" for ::1 at 2019-06-03 22:54:46 +0900
Processing by TopController#about as HTML
  Rendering top/about.html.erb within layouts/application
  Rendered top/about.html.erb within layouts/application (0.9ms)
Completed 200 OK in 38ms (Views: 34.7ms | ActiveRecord: 0.0ms)


Started GET "/about" for ::1 at 2019-06-04 19:20:48 +0900
Processing by TopController#about as HTML
  Rendering top/about.html.erb within layouts/application
  Rendered top/about.html.erb within layouts/application (3.4ms)
Completed 200 OK in 369ms (Views: 333.6ms | ActiveRecord: 0.0ms)


Started GET "/lesson" for ::1 at 2019-06-04 19:21:02 +0900
  
ActionController::RoutingError (No route matches [GET] "/lesson"):
  
actionpack (5.2.3) lib/action_dispatch/middleware/debug_exceptions.rb:65:in `call'
web-console (3.7.0) lib/web_console/middleware.rb:135:in `call_app'
web-console (3.7.0) lib/web_console/middleware.rb:30:in `block in call'
web-console (3.7.0) lib/web_console/middleware.rb:20:in `catch'
web-console (3.7.0) lib/web_console/middleware.rb:20:in `call'
actionpack (5.2.3) lib/action_dispatch/middleware/show_exceptions.rb:33:in `call'
railties (5.2.3) lib/rails/rack/logger.rb:38:in `call_app'
railties (5.2.3) lib/rails/rack/logger.rb:26:in `block in call'
activesupport (5.2.3) lib/active_support/tagged_logging.rb:71:in `block in tagged'
activesupport (5.2.3) lib/active_support/tagged_logging.rb:28:in `tagged'
activesupport (5.2.3) lib/active_support/tagged_logging.rb:71:in `tagged'
railties (5.2.3) lib/rails/rack/logger.rb:26:in `call'
sprockets-rails (3.2.1) lib/sprockets/rails/quiet_assets.rb:13:in `call'
actionpack (5.2.3) lib/action_dispatch/middleware/remote_ip.rb:81:in `call'
actionpack (5.2.3) lib/action_dispatch/middleware/request_id.rb:27:in `call'
rack (2.0.7) lib/rack/method_override.rb:22:in `call'
rack (2.0.7) lib/rack/runtime.rb:22:in `call'
activesupport (5.2.3) lib/active_support/cache/strategy/local_cache_middleware.rb:29:in `call'
actionpack (5.2.3) lib/action_dispatch/middleware/executor.rb:14:in `call'
actionpack (5.2.3) lib/action_dispatch/middleware/static.rb:127:in `call'
rack (2.0.7) lib/rack/sendfile.rb:111:in `call'
railties (5.2.3) lib/rails/engine.rb:524:in `call'
puma (3.12.1) lib/puma/configuration.rb:227:in `call'
puma (3.12.1) lib/puma/server.rb:660:in `handle_request'
puma (3.12.1) lib/puma/server.rb:474:in `process_client'
puma (3.12.1) lib/puma/server.rb:334:in `block in run'
puma (3.12.1) lib/puma/thread_pool.rb:135:in `block in spawn_thread'
Started GET "/lesson/step1/Sato" for ::1 at 2019-06-04 19:21:10 +0900
Processing by LessonController#step1 as HTML
  Parameters: {"name"=>"Sato"}
Completed 500 Internal Server Error in 187ms (ActiveRecord: 0.0ms)


  
NameError (undefined local variable or method `param' for #<LessonController:0x00007fa311bbab50>
Did you mean?  params
               params=):
  
app/controllers/lesson_controller.rb:3:in `step1'
Started GET "/lesson/step1/Sato" for ::1 at 2019-06-04 19:21:41 +0900
Processing by LessonController#step1 as HTML
  Parameters: {"name"=>"Sato"}
Completed 500 Internal Server Error in 297ms (ActiveRecord: 0.0ms)


  
NameError (undefined local variable or method `param' for #<LessonController:0x00007fa3102ebf98>
Did you mean?  params
               params=):
  
app/controllers/lesson_controller.rb:3:in `step1'
Started GET "/lesson/step1/Sato" for ::1 at 2019-06-04 19:22:33 +0900
Processing by LessonController#step1 as HTML
  Parameters: {"name"=>"Sato"}
Completed 500 Internal Server Error in 160ms (ActiveRecord: 0.0ms)


  
NameError (undefined local variable or method `param' for #<LessonController:0x00007fa3168af410>
Did you mean?  params
               params=):
  
app/controllers/lesson_controller.rb:3:in `step1'
Started GET "/lesson/step1/Sato" for ::1 at 2019-06-04 19:24:31 +0900
Processing by LessonController#step1 as HTML
  Parameters: {"name"=>"Sato"}
  Rendering text template
  Rendered text template (0.1ms)
Completed 200 OK in 19ms (Views: 13.3ms | ActiveRecord: 0.0ms)


Started GET "/lesson/step1?name=Sato" for ::1 at 2019-06-04 19:24:51 +0900
Processing by LessonController#step1 as HTML
  Parameters: {"name"=>"Sato"}
  Rendering text template
  Rendered text template (0.1ms)
Completed 200 OK in 3ms (Views: 1.3ms | ActiveRecord: 0.0ms)


Started GET "/lesson/step2" for ::1 at 2019-06-04 19:26:59 +0900
Processing by LessonController#step2 as HTML
  Rendering text template
  Rendered text template (0.7ms)
Completed 200 OK in 9ms (Views: 4.7ms | ActiveRecord: 0.0ms)


Started GET "/lesson/step3" for ::1 at 2019-06-04 19:32:15 +0900
Processing by LessonController#step3 as HTML
Redirected to http://localhost:3000/lesson/step4
Completed 302 Found in 12ms (ActiveRecord: 0.0ms)


Started GET "/lesson/step4" for ::1 at 2019-06-04 19:32:16 +0900
Processing by LessonController#step4 as HTML
  Rendering text template
  Rendered text template (0.1ms)
Completed 200 OK in 4ms (Views: 2.2ms | ActiveRecord: 0.0ms)


Started GET "/lesson/step5" for ::1 at 2019-06-04 19:38:32 +0900
Processing by LessonController#step5 as HTML
Redirected to http://localhost:3000/lesson/step6
Completed 302 Found in 12ms (ActiveRecord: 0.0ms)


Started GET "/lesson/step6" for ::1 at 2019-06-04 19:38:33 +0900
Processing by LessonController#step6 as HTML
  Rendering text template
  Rendered text template (0.1ms)
Completed 200 OK in 4ms (Views: 2.1ms | ActiveRecord: 0.0ms)


Started GET "/lesson/step6" for ::1 at 2019-06-04 19:40:00 +0900
Processing by LessonController#step6 as HTML
  Rendering text template
  Rendered text template (0.2ms)
Completed 200 OK in 13ms (Views: 3.3ms | ActiveRecord: 0.0ms)


Started GET "/lesson/step7" for ::1 at 2019-06-04 19:47:18 +0900
Processing by LessonController#step7 as HTML
  Rendering lesson/step7.html.erb within layouts/application
  Rendered lesson/step7.html.erb within layouts/application (6.4ms)
Completed 200 OK in 121ms (Views: 99.3ms | ActiveRecord: 0.0ms)


Started GET "/lesson/step8" for ::1 at 2019-06-04 20:02:22 +0900
Processing by LessonController#step8 as HTML
  Rendering lesson/step7.html.erb within layouts/application
  Rendered lesson/step7.html.erb within layouts/application (9.1ms)
Completed 200 OK in 145ms (Views: 133.4ms | ActiveRecord: 0.0ms)


Started GET "/lesson/step9" for ::1 at 2019-06-04 20:11:51 +0900
Processing by LessonController#step9 as HTML
  Rendering lesson/step9.html.erb within layouts/application
  Rendered lesson/step9.html.erb within layouts/application (8.2ms)
Completed 200 OK in 107ms (Views: 98.4ms | ActiveRecord: 0.0ms)


Started GET "/lesson/step9" for ::1 at 2019-06-04 20:13:44 +0900
Processing by LessonController#step9 as HTML
  Rendering lesson/step9.html.erb within layouts/application
  Rendered lesson/step9.html.erb within layouts/application (5.0ms)
Completed 200 OK in 99ms (Views: 90.7ms | ActiveRecord: 0.0ms)


Started GET "/lesson/step9" for ::1 at 2019-06-04 20:14:18 +0900
Processing by LessonController#step9 as HTML
  Rendering lesson/step9.html.erb within layouts/application
  Rendered lesson/step9.html.erb within layouts/application (4.5ms)
Completed 200 OK in 133ms (Views: 106.3ms | ActiveRecord: 0.0ms)


Started GET "/lesson/step11" for ::1 at 2019-06-04 20:20:01 +0900
Processing by LessonController#step11 as HTML
  Rendering lesson/step11.html.erb within layouts/application
  Rendered lesson/step11.html.erb within layouts/application (8.2ms)
Completed 200 OK in 142ms (Views: 134.7ms | ActiveRecord: 0.0ms)


Started GET "/lesson/step11" for ::1 at 2019-06-04 20:20:21 +0900
Processing by LessonController#step11 as HTML
  Rendering lesson/step11.html.erb within layouts/application
  Rendered lesson/step11.html.erb within layouts/application (5.3ms)
Completed 200 OK in 64ms (Views: 60.7ms | ActiveRecord: 0.0ms)


Started GET "/lesson/step17" for ::1 at 2019-06-04 20:31:22 +0900
Processing by LessonController#step17 as HTML
  Rendering lesson/step17.html.erb within layouts/application
  Rendered lesson/step17.html.erb within layouts/application (46.5ms)
Completed 500 Internal Server Error in 248ms (ActiveRecord: 0.0ms)


  
ActionView::Template::Error (undefined method `>' for nil:NilClass):
    1: <% if @zaiko  > 0 %>
    2: 残り<%= @zaiko %>個です。
    3: <%else%>
    4: 品切れです。
  
app/views/lesson/step17.html.erb:1:in `_app_views_lesson_step___html_erb___1317741827833878972_70169217298100'
Started GET "/lesson/step17" for ::1 at 2019-06-04 20:32:24 +0900
Processing by LessonController#step17 as HTML
  Rendering lesson/step17.html.erb within layouts/application
  Rendered lesson/step17.html.erb within layouts/application (38.5ms)
Completed 500 Internal Server Error in 73ms (ActiveRecord: 0.0ms)


  
ActionView::Template::Error (undefined method `>' for nil:NilClass):
    1: <% if @zaiko > 0 %>
    2: 残り<%= @zaiko %>個です。
    3: <% else %>
    4: 品切れです。
  
app/views/lesson/step17.html.erb:1:in `_app_views_lesson_step___html_erb___1317741827833878972_70169202767240'
Started GET "/lesson/step17" for ::1 at 2019-06-04 20:33:47 +0900
Processing by LessonController#step17 as HTML
  Rendering lesson/step17.html.erb within layouts/application
  Rendered lesson/step17.html.erb within layouts/application (3.0ms)
Completed 200 OK in 78ms (Views: 68.8ms | ActiveRecord: 0.0ms)


Started GET "/lesson/step17" for ::1 at 2019-06-04 20:34:01 +0900
Processing by LessonController#step17 as HTML
  Rendering lesson/step17.html.erb within layouts/application
  Rendered lesson/step17.html.erb within layouts/application (0.8ms)
Completed 200 OK in 52ms (Views: 48.9ms | ActiveRecord: 0.0ms)


Started GET "/about" for ::1 at 2019-06-04 23:20:48 +0900
Processing by TopController#about as HTML
  Rendering top/about.html.erb within layouts/application
  Rendered top/about.html.erb within layouts/application (10.7ms)
Completed 200 OK in 154ms (Views: 128.7ms | ActiveRecord: 0.0ms)


Started GET "/" for ::1 at 2019-06-05 20:25:37 +0900
Processing by TopController#index as HTML
  Rendering top/index.html.erb within layouts/application
  Rendered top/index.html.erb within layouts/application (117.3ms)
  Rendered shared/_header.html.erb (20.9ms)
Completed 500 Internal Server Error in 822ms (ActiveRecord: 0.0ms)


  
SyntaxError (/Users/takaterumasa/rails_practice1/asagao/app/views/shared/_header.html.erb:1: syntax error, unexpected tSYMBEG, expecting keyword_do or '{' or '('
...( image_tag "logo.gif", size :"272x48",alt: "Fisheries Engin...
...                               ^
/Users/takaterumasa/rails_practice1/asagao/app/views/shared/_header.html.erb:1: syntax error, unexpected ',', expecting ')'
...tag "logo.gif", size :"272x48",alt: "Fisheries Engineering")...
...                               ^):
  
app/views/shared/_header.html.erb:1: syntax error, unexpected tSYMBEG, expecting keyword_do or '{' or '('
app/views/shared/_header.html.erb:1: syntax error, unexpected ',', expecting ')'
app/views/layouts/application.html.erb:15:in `_app_views_layouts_application_html_erb__2053607972626054947_70169206698320'
Started GET "/top" for ::1 at 2019-06-05 20:25:49 +0900
  
ActionController::RoutingError (No route matches [GET] "/top"):
  
actionpack (5.2.3) lib/action_dispatch/middleware/debug_exceptions.rb:65:in `call'
web-console (3.7.0) lib/web_console/middleware.rb:135:in `call_app'
web-console (3.7.0) lib/web_console/middleware.rb:30:in `block in call'
web-console (3.7.0) lib/web_console/middleware.rb:20:in `catch'
web-console (3.7.0) lib/web_console/middleware.rb:20:in `call'
actionpack (5.2.3) lib/action_dispatch/middleware/show_exceptions.rb:33:in `call'
railties (5.2.3) lib/rails/rack/logger.rb:38:in `call_app'
railties (5.2.3) lib/rails/rack/logger.rb:26:in `block in call'
activesupport (5.2.3) lib/active_support/tagged_logging.rb:71:in `block in tagged'
activesupport (5.2.3) lib/active_support/tagged_logging.rb:28:in `tagged'
activesupport (5.2.3) lib/active_support/tagged_logging.rb:71:in `tagged'
railties (5.2.3) lib/rails/rack/logger.rb:26:in `call'
sprockets-rails (3.2.1) lib/sprockets/rails/quiet_assets.rb:13:in `call'
actionpack (5.2.3) lib/action_dispatch/middleware/remote_ip.rb:81:in `call'
actionpack (5.2.3) lib/action_dispatch/middleware/request_id.rb:27:in `call'
rack (2.0.7) lib/rack/method_override.rb:22:in `call'
rack (2.0.7) lib/rack/runtime.rb:22:in `call'
activesupport (5.2.3) lib/active_support/cache/strategy/local_cache_middleware.rb:29:in `call'
actionpack (5.2.3) lib/action_dispatch/middleware/executor.rb:14:in `call'
actionpack (5.2.3) lib/action_dispatch/middleware/static.rb:127:in `call'
rack (2.0.7) lib/rack/sendfile.rb:111:in `call'
railties (5.2.3) lib/rails/engine.rb:524:in `call'
puma (3.12.1) lib/puma/configuration.rb:227:in `call'
puma (3.12.1) lib/puma/server.rb:660:in `handle_request'
puma (3.12.1) lib/puma/server.rb:474:in `process_client'
puma (3.12.1) lib/puma/server.rb:334:in `block in run'
puma (3.12.1) lib/puma/thread_pool.rb:135:in `block in spawn_thread'
Started GET "/root" for ::1 at 2019-06-05 20:25:57 +0900
  
ActionController::RoutingError (No route matches [GET] "/root"):
  
actionpack (5.2.3) lib/action_dispatch/middleware/debug_exceptions.rb:65:in `call'
web-console (3.7.0) lib/web_console/middleware.rb:135:in `call_app'
web-console (3.7.0) lib/web_console/middleware.rb:30:in `block in call'
web-console (3.7.0) lib/web_console/middleware.rb:20:in `catch'
web-console (3.7.0) lib/web_console/middleware.rb:20:in `call'
actionpack (5.2.3) lib/action_dispatch/middleware/show_exceptions.rb:33:in `call'
railties (5.2.3) lib/rails/rack/logger.rb:38:in `call_app'
railties (5.2.3) lib/rails/rack/logger.rb:26:in `block in call'
activesupport (5.2.3) lib/active_support/tagged_logging.rb:71:in `block in tagged'
activesupport (5.2.3) lib/active_support/tagged_logging.rb:28:in `tagged'
activesupport (5.2.3) lib/active_support/tagged_logging.rb:71:in `tagged'
railties (5.2.3) lib/rails/rack/logger.rb:26:in `call'
sprockets-rails (3.2.1) lib/sprockets/rails/quiet_assets.rb:13:in `call'
actionpack (5.2.3) lib/action_dispatch/middleware/remote_ip.rb:81:in `call'
actionpack (5.2.3) lib/action_dispatch/middleware/request_id.rb:27:in `call'
rack (2.0.7) lib/rack/method_override.rb:22:in `call'
rack (2.0.7) lib/rack/runtime.rb:22:in `call'
activesupport (5.2.3) lib/active_support/cache/strategy/local_cache_middleware.rb:29:in `call'
actionpack (5.2.3) lib/action_dispatch/middleware/executor.rb:14:in `call'
actionpack (5.2.3) lib/action_dispatch/middleware/static.rb:127:in `call'
rack (2.0.7) lib/rack/sendfile.rb:111:in `call'
railties (5.2.3) lib/rails/engine.rb:524:in `call'
puma (3.12.1) lib/puma/configuration.rb:227:in `call'
puma (3.12.1) lib/puma/server.rb:660:in `handle_request'
puma (3.12.1) lib/puma/server.rb:474:in `process_client'
puma (3.12.1) lib/puma/server.rb:334:in `block in run'
puma (3.12.1) lib/puma/thread_pool.rb:135:in `block in spawn_thread'
Started GET "/about" for ::1 at 2019-06-05 20:26:15 +0900
Processing by TopController#about as HTML
  Rendering top/about.html.erb within layouts/application
  Rendered top/about.html.erb within layouts/application (7.3ms)
  Rendered shared/_header.html.erb (13.2ms)
Completed 500 Internal Server Error in 146ms (ActiveRecord: 0.0ms)


  
SyntaxError (/Users/takaterumasa/rails_practice1/asagao/app/views/shared/_header.html.erb:1: syntax error, unexpected tSYMBEG, expecting keyword_do or '{' or '('
...( image_tag "logo.gif", size :"272x48",alt: "Fisheries Engin...
...                               ^
/Users/takaterumasa/rails_practice1/asagao/app/views/shared/_header.html.erb:1: syntax error, unexpected ',', expecting ')'
...tag "logo.gif", size :"272x48",alt: "Fisheries Engineering")...
...                               ^):
  
app/views/shared/_header.html.erb:1: syntax error, unexpected tSYMBEG, expecting keyword_do or '{' or '('
app/views/shared/_header.html.erb:1: syntax error, unexpected ',', expecting ')'
app/views/layouts/application.html.erb:15:in `_app_views_layouts_application_html_erb__2053607972626054947_70169207746780'
Started GET "/about" for ::1 at 2019-06-05 20:28:55 +0900
Processing by TopController#about as HTML
  Rendering top/about.html.erb within layouts/application
  Rendered top/about.html.erb within layouts/application (4.7ms)
  Rendered shared/_header.html.erb (3.8ms)
Completed 500 Internal Server Error in 110ms (ActiveRecord: 0.0ms)


  
SyntaxError (/Users/takaterumasa/rails_practice1/asagao/app/views/shared/_header.html.erb:1: syntax error, unexpected tSYMBEG, expecting keyword_do or '{' or '('
...( image_tag "logo.gif", size :"272x48", alt: "Fisheries Engi...
...                               ^
/Users/takaterumasa/rails_practice1/asagao/app/views/shared/_header.html.erb:1: syntax error, unexpected ',', expecting ')'
...tag "logo.gif", size :"272x48", alt: "Fisheries Engineering"...
...                               ^):
  
app/views/shared/_header.html.erb:1: syntax error, unexpected tSYMBEG, expecting keyword_do or '{' or '('
app/views/shared/_header.html.erb:1: syntax error, unexpected ',', expecting ')'
app/views/layouts/application.html.erb:15:in `_app_views_layouts_application_html_erb__2053607972626054947_70169218830380'
Started GET "/about" for ::1 at 2019-06-05 20:29:38 +0900
Processing by TopController#about as HTML
  Rendering top/about.html.erb within layouts/application
  Rendered top/about.html.erb within layouts/application (4.3ms)
  Rendered shared/_header.html.erb (140.7ms)
  Rendered shared/_login_form.html.erb (24.1ms)
  Rendered shared/_sidebar.html.erb (37.5ms)
  Rendered shared/_footer.html.erb (3.0ms)
Completed 200 OK in 288ms (Views: 273.6ms | ActiveRecord: 0.0ms)


Started GET "/about" for ::1 at 2019-06-05 20:29:48 +0900
Processing by TopController#about as HTML
  Rendering top/about.html.erb within layouts/application
  Rendered top/about.html.erb within layouts/application (4.2ms)
  Rendered shared/_header.html.erb (5.5ms)
  Rendered shared/_login_form.html.erb (0.7ms)
  Rendered shared/_sidebar.html.erb (6.3ms)
  Rendered shared/_footer.html.erb (1.2ms)
Completed 200 OK in 75ms (Views: 70.7ms | ActiveRecord: 0.0ms)


Started GET "/about" for ::1 at 2019-06-05 20:30:02 +0900
Processing by TopController#about as HTML
  Rendering top/about.html.erb within layouts/application
  Rendered top/about.html.erb within layouts/application (0.6ms)
  Rendered shared/_header.html.erb (9.7ms)
  Rendered shared/_login_form.html.erb (1.9ms)
  Rendered shared/_sidebar.html.erb (7.7ms)
  Rendered shared/_footer.html.erb (4.9ms)
Completed 200 OK in 109ms (Views: 105.7ms | ActiveRecord: 0.0ms)


Started GET "/about" for ::1 at 2019-06-05 20:31:39 +0900
Processing by TopController#about as HTML
  Rendering top/about.html.erb within layouts/application
  Rendered top/about.html.erb within layouts/application (14.7ms)
  Rendered shared/_header.html.erb (15.4ms)
  Rendered shared/_login_form.html.erb (1.8ms)
  Rendered shared/_sidebar.html.erb (8.7ms)
  Rendered shared/_footer.html.erb (11.3ms)
Completed 200 OK in 170ms (Views: 164.2ms | ActiveRecord: 0.0ms)


Started GET "/about" for ::1 at 2019-06-05 20:32:10 +0900
Processing by TopController#about as HTML
  Rendering top/about.html.erb within layouts/application
  Rendered top/about.html.erb within layouts/application (8.3ms)
  Rendered shared/_header.html.erb (9.9ms)
  Rendered shared/_login_form.html.erb (4.1ms)
  Rendered shared/_sidebar.html.erb (10.3ms)
  Rendered shared/_footer.html.erb (0.8ms)
Completed 200 OK in 290ms (Views: 280.5ms | ActiveRecord: 0.0ms)


Started GET "/about" for ::1 at 2019-06-05 20:32:45 +0900
Processing by TopController#about as HTML
  Rendering top/about.html.erb within layouts/application
  Rendered top/about.html.erb within layouts/application (1.1ms)
  Rendered shared/_header.html.erb (8.1ms)
  Rendered shared/_login_form.html.erb (0.6ms)
  Rendered shared/_sidebar.html.erb (8.7ms)
  Rendered shared/_footer.html.erb (8.3ms)
Completed 200 OK in 90ms (Views: 84.2ms | ActiveRecord: 0.0ms)


Started GET "/about" for ::1 at 2019-06-05 20:34:10 +0900
Processing by TopController#about as HTML
  Rendering top/about.html.erb within layouts/application
  Rendered top/about.html.erb within layouts/application (4.1ms)
  Rendered shared/_header.html.erb (12.1ms)
  Rendered shared/_login_form.html.erb (11.4ms)
  Rendered shared/_sidebar.html.erb (18.0ms)
  Rendered shared/_footer.html.erb (5.2ms)
Completed 200 OK in 134ms (Views: 127.6ms | ActiveRecord: 0.0ms)


Started GET "/about" for ::1 at 2019-06-05 20:34:26 +0900
Processing by TopController#about as HTML
  Rendering top/about.html.erb within layouts/application
  Rendered top/about.html.erb within layouts/application (1.3ms)
  Rendered shared/_header.html.erb (5.6ms)
  Rendered shared/_sidebar.html.erb (6.7ms)
Completed 500 Internal Server Error in 74ms (ActiveRecord: 0.0ms)


  
SyntaxError (/Users/takaterumasa/rails_practice1/asagao/app/views/shared/_sidebar.html.erb:5: syntax error, unexpected keyword_do_block, expecting keyword_end
'.freeze;     do |i|
                ^
/Users/takaterumasa/rails_practice1/asagao/app/views/shared/_sidebar.html.erb:18: syntax error, unexpected keyword_ensure, expecting end-of-input):
  
app/views/shared/_sidebar.html.erb:5: syntax error, unexpected keyword_do_block, expecting keyword_end
app/views/shared/_sidebar.html.erb:18: syntax error, unexpected keyword_ensure, expecting end-of-input
app/views/layouts/application.html.erb:21:in `_app_views_layouts_application_html_erb__2053607972626054947_70169219057520'
Started GET "/about" for ::1 at 2019-06-05 20:34:36 +0900
Processing by TopController#about as HTML
  Rendering top/about.html.erb within layouts/application
  Rendered top/about.html.erb within layouts/application (2.8ms)
  Rendered shared/_header.html.erb (2.6ms)
  Rendered shared/_login_form.html.erb (0.4ms)
  Rendered shared/_sidebar.html.erb (79.8ms)
  Rendered shared/_footer.html.erb (0.5ms)
Completed 200 OK in 156ms (Views: 152.8ms | ActiveRecord: 0.0ms)


Started GET "/about" for ::1 at 2019-06-05 20:35:30 +0900
Processing by TopController#about as HTML
  Rendering top/about.html.erb within layouts/application
  Rendered top/about.html.erb within layouts/application (3.9ms)
  Rendered shared/_header.html.erb (10.7ms)
  Rendered shared/_login_form.html.erb (1.1ms)
  Rendered shared/_sidebar.html.erb (8.1ms)
  Rendered shared/_footer.html.erb (1.1ms)
Completed 200 OK in 178ms (Views: 158.0ms | ActiveRecord: 0.0ms)


Started GET "/about" for ::1 at 2019-06-05 20:36:42 +0900
Processing by TopController#about as HTML
  Rendering top/about.html.erb within layouts/application
  Rendered top/about.html.erb within layouts/application (10.5ms)
  Rendered shared/_header.html.erb (11.5ms)
  Rendered shared/_login_form.html.erb (3.1ms)
  Rendered shared/_sidebar.html.erb (30.4ms)
  Rendered shared/_footer.html.erb (7.0ms)
Completed 200 OK in 195ms (Views: 186.4ms | ActiveRecord: 0.0ms)


Started GET "/about" for ::1 at 2019-06-05 20:58:42 +0900
Processing by TopController#about as HTML
  Rendering top/about.html.erb within layouts/application
  Rendered top/about.html.erb within layouts/application (5.5ms)
  Rendered shared/_header.html.erb (10.9ms)
  Rendered shared/_login_form.html.erb (0.8ms)
  Rendered shared/_sidebar.html.erb (17.7ms)
  Rendered shared/_footer.html.erb (30.2ms)
Completed 200 OK in 219ms (Views: 206.3ms | ActiveRecord: 0.0ms)


Started GET "/about" for ::1 at 2019-06-05 21:00:22 +0900
Processing by TopController#about as HTML
  Rendering top/about.html.erb within layouts/application
  Rendered top/about.html.erb within layouts/application (5.3ms)
  Rendered shared/_header.html.erb (13.2ms)
  Rendered shared/_login_form.html.erb (6.3ms)
  Rendered shared/_sidebar.html.erb (16.2ms)
  Rendered shared/_footer.html.erb (8.8ms)
Completed 200 OK in 263ms (Views: 250.2ms | ActiveRecord: 0.0ms)


Started GET "/" for ::1 at 2019-06-05 21:00:48 +0900
Processing by TopController#index as HTML
  Rendering top/index.html.erb within layouts/application
  Rendered top/index.html.erb within layouts/application (3.5ms)
  Rendered shared/_header.html.erb (29.2ms)
  Rendered shared/_login_form.html.erb (1.8ms)
  Rendered shared/_sidebar.html.erb (48.7ms)
  Rendered shared/_footer.html.erb (1.2ms)
Completed 200 OK in 263ms (Views: 237.1ms | ActiveRecord: 0.0ms)


Started GET "/" for ::1 at 2019-06-05 21:05:41 +0900
Processing by TopController#index as HTML
  Rendering top/index.html.erb within layouts/application
  Rendered top/index.html.erb within layouts/application (38.7ms)
  Rendered shared/_header.html.erb (15.6ms)
  Rendered shared/_login_form.html.erb (2.3ms)
  Rendered shared/_sidebar.html.erb (9.8ms)
  Rendered shared/_footer.html.erb (1.0ms)
Completed 200 OK in 478ms (Views: 450.6ms | ActiveRecord: 0.0ms)


Started GET "/" for ::1 at 2019-06-05 21:05:56 +0900
Processing by TopController#index as HTML
  Rendering top/index.html.erb within layouts/application
  Rendered top/index.html.erb within layouts/application (0.9ms)
  Rendered shared/_header.html.erb (8.8ms)
  Rendered shared/_login_form.html.erb (3.1ms)
  Rendered shared/_sidebar.html.erb (8.5ms)
  Rendered shared/_footer.html.erb (1.8ms)
Completed 200 OK in 107ms (Views: 103.4ms | ActiveRecord: 0.0ms)


Started GET "/" for ::1 at 2019-06-05 21:13:19 +0900
Processing by TopController#index as HTML
  Rendering top/index.html.erb within layouts/application
  Rendered top/index.html.erb within layouts/application (40.7ms)
  Rendered shared/_header.html.erb (16.3ms)
  Rendered shared/_login_form.html.erb (1.6ms)
  Rendered shared/_sidebar.html.erb (8.3ms)
  Rendered shared/_footer.html.erb (4.8ms)
Completed 200 OK in 473ms (Views: 443.9ms | ActiveRecord: 0.0ms)


Started GET "/" for ::1 at 2019-06-05 21:14:48 +0900
Processing by TopController#index as HTML
  Rendering top/index.html.erb within layouts/application
  Rendered top/index.html.erb within layouts/application (21.9ms)
  Rendered shared/_header.html.erb (6.9ms)
  Rendered shared/_login_form.html.erb (1.1ms)
  Rendered shared/_sidebar.html.erb (13.2ms)
  Rendered shared/_footer.html.erb (17.9ms)
Completed 200 OK in 686ms (Views: 653.4ms | ActiveRecord: 0.0ms)


Started GET "/" for ::1 at 2019-06-05 21:17:43 +0900
Processing by TopController#index as HTML
  Rendering top/index.html.erb within layouts/application
  Rendered top/index.html.erb within layouts/application (15.2ms)
  Rendered shared/_header.html.erb (16.3ms)
  Rendered shared/_login_form.html.erb (5.7ms)
  Rendered shared/_sidebar.html.erb (46.9ms)
  Rendered shared/_footer.html.erb (5.8ms)
Completed 200 OK in 524ms (Views: 470.6ms | ActiveRecord: 0.0ms)


Started GET "/" for ::1 at 2019-06-05 21:20:29 +0900
Processing by TopController#index as HTML
  Rendering top/index.html.erb within layouts/application
  Rendered top/index.html.erb within layouts/application (22.5ms)
  Rendered shared/_header.html.erb (13.9ms)
  Rendered shared/_login_form.html.erb (4.2ms)
  Rendered shared/_sidebar.html.erb (11.4ms)
  Rendered shared/_footer.html.erb (4.7ms)
Completed 200 OK in 570ms (Views: 539.4ms | ActiveRecord: 0.0ms)


Started GET "/" for ::1 at 2019-06-05 21:20:43 +0900
Processing by TopController#index as HTML
  Rendering top/index.html.erb within layouts/application
  Rendered top/index.html.erb within layouts/application (8.3ms)
  Rendered shared/_header.html.erb (4.6ms)
  Rendered shared/_login_form.html.erb (3.9ms)
  Rendered shared/_sidebar.html.erb (14.4ms)
  Rendered shared/_footer.html.erb (2.7ms)
Completed 200 OK in 171ms (Views: 152.0ms | ActiveRecord: 0.0ms)


Started GET "/" for ::1 at 2019-06-05 21:24:03 +0900
Processing by TopController#index as HTML
  Rendering top/index.html.erb within layouts/application
  Rendered top/index.html.erb within layouts/application (16.1ms)
  Rendered shared/_header.html.erb (19.6ms)
  Rendered shared/_login_form.html.erb (5.5ms)
  Rendered shared/_sidebar.html.erb (22.0ms)
  Rendered shared/_footer.html.erb (7.6ms)
Completed 200 OK in 333ms (Views: 302.0ms | ActiveRecord: 0.0ms)


Started GET "/" for ::1 at 2019-06-05 21:25:39 +0900
Processing by TopController#index as HTML
  Rendering top/index.html.erb within layouts/application
  Rendered top/index.html.erb within layouts/application (11.1ms)
  Rendered shared/_header.html.erb (10.4ms)
  Rendered shared/_login_form.html.erb (7.0ms)
  Rendered shared/_sidebar.html.erb (20.5ms)
  Rendered shared/_footer.html.erb (2.8ms)
Completed 200 OK in 344ms (Views: 322.2ms | ActiveRecord: 0.0ms)


Started GET "/" for ::1 at 2019-06-08 13:04:08 +0900
Processing by TopController#index as HTML
  Rendering top/index.html.erb within layouts/application
  Rendered top/index.html.erb within layouts/application (215.7ms)
  Rendered shared/_header.html.erb (136.8ms)
  Rendered shared/_login_form.html.erb (13.2ms)
  Rendered shared/_sidebar.html.erb (66.8ms)
  Rendered shared/_footer.html.erb (14.7ms)
Completed 200 OK in 1721ms (Views: 1563.3ms | ActiveRecord: 0.0ms)


  [1m[35m (0.1ms)[0m  [1m[34mSELECT sqlite_version(*)[0m
  ↳ bin/rails:4
  [1m[35m (1.9ms)[0m  [1m[35mCREATE TABLE "schema_migrations" ("version" varchar NOT NULL PRIMARY KEY)[0m
  ↳ bin/rails:4
  [1m[35m (2.3ms)[0m  [1m[35mCREATE TABLE "ar_internal_metadata" ("key" varchar NOT NULL PRIMARY KEY, "value" varchar, "created_at" datetime NOT NULL, "updated_at" datetime NOT NULL)[0m
  ↳ bin/rails:4
  [1m[35m (0.3ms)[0m  [1m[34mSELECT "schema_migrations"."version" FROM "schema_migrations" ORDER BY "schema_migrations"."version" ASC[0m
  ↳ bin/rails:4
Migrating to CreateMembers (20190609051752)
  [1m[35m (0.1ms)[0m  [1m[36mbegin transaction[0m
  ↳ bin/rails:4
  [1m[35m (0.9ms)[0m  [1m[35mCREATE TABLE "members" ("id" integer PRIMARY KEY AUTOINCREMENT NOT NULL, "number" integer NOT NULL, "name" varchar NOT NULL, "full_name" varchar, "email" varchar, "birthday" date, "sex" integer DEFAULT 1 NOT NULL, "administrator" boolean DEFAULT 0 NOT NULL, "created_at" datetime NOT NULL, "updated_at" datetime NOT NULL)[0m
  ↳ db/migrate/20190609051752_create_members.rb:3
  [1m[36mActiveRecord::SchemaMigration Create (0.2ms)[0m  [1m[32mINSERT INTO "schema_migrations" ("version") VALUES (?)[0m  [["version", "20190609051752"]]
  ↳ bin/rails:4
  [1m[35m (1.0ms)[0m  [1m[36mcommit transaction[0m
  ↳ bin/rails:4
  [1m[36mActiveRecord::InternalMetadata Load (0.3ms)[0m  [1m[34mSELECT  "ar_internal_metadata".* FROM "ar_internal_metadata" WHERE "ar_internal_metadata"."key" = ? LIMIT ?[0m  [["key", "environment"], ["LIMIT", 1]]
  ↳ bin/rails:4
  [1m[35m (0.1ms)[0m  [1m[36mbegin transaction[0m
  ↳ bin/rails:4
  [1m[36mActiveRecord::InternalMetadata Create (0.7ms)[0m  [1m[32mINSERT INTO "ar_internal_metadata" ("key", "value", "created_at", "updated_at") VALUES (?, ?, ?, ?)[0m  [["key", "environment"], ["value", "development"], ["created_at", "2019-06-09 05:52:59.100451"], ["updated_at", "2019-06-09 05:52:59.100451"]]
  ↳ bin/rails:4
  [1m[35m (1.1ms)[0m  [1m[36mcommit transaction[0m
  ↳ bin/rails:4
  [1m[35m (0.3ms)[0m  [1m[34mSELECT "schema_migrations"."version" FROM "schema_migrations" ORDER BY "schema_migrations"."version" ASC[0m
  ↳ bin/rails:4
  [1m[35m (0.5ms)[0m  [1m[34mSELECT COUNT(*) FROM "members"[0m
  [1m[35m (0.1ms)[0m  [1m[36mbegin transaction[0m
  [1m[36mMember Create (5.7ms)[0m  [1m[32mINSERT INTO "members" ("number", "name", "created_at", "updated_at") VALUES (?, ?, ?, ?)[0m  [["number", 1], ["name", "Hato"], ["created_at", "2019-06-09 05:54:23.780439"], ["updated_at", "2019-06-09 05:54:23.780439"]]
  [1m[35m (1.2ms)[0m  [1m[36mcommit transaction[0m
  [1m[36mMember Load (5.9ms)[0m  [1m[34mSELECT  "members".* FROM "members" ORDER BY "members"."id" ASC LIMIT ?[0m  [["LIMIT", 1]]
  [1m[35m (1.6ms)[0m  [1m[36mbegin transaction[0m
  [1m[36mMember Update (2.9ms)[0m  [1m[33mUPDATE "members" SET "number" = ?, "updated_at" = ? WHERE "members"."id" = ?[0m  [["number", 41], ["updated_at", "2019-06-09 05:58:12.732477"], ["id", 1]]
  [1m[35m (2.4ms)[0m  [1m[36mcommit transaction[0m
  [1m[35m (0.2ms)[0m  [1m[34mSELECT "schema_migrations"."version" FROM "schema_migrations" ORDER BY "schema_migrations"."version" ASC[0m
  ↳ bin/rails:4
  [1m[35m (0.1ms)[0m  [1m[36mbegin transaction[0m
  ↳ db/seeds.rb:9
  [1m[36mMember Create (1.0ms)[0m  [1m[32mINSERT INTO "members" ("number", "name", "administrator", "created_at", "updated_at") VALUES (?, ?, ?, ?, ?)[0m  [["number", 1], ["name", "Taro"], ["administrator", 1], ["created_at", "2019-06-09 06:01:02.294631"], ["updated_at", "2019-06-09 06:01:02.294631"]]
  ↳ db/seeds.rb:9
  [1m[35m (0.8ms)[0m  [1m[36mcommit transaction[0m
  ↳ db/seeds.rb:9
  [1m[35m (0.1ms)[0m  [1m[34mSELECT sqlite_version(*)[0m
  ↳ lib/tasks/database.rake:5
  [1m[35m (1.9ms)[0m  [1m[35mCREATE TABLE "schema_migrations" ("version" varchar NOT NULL PRIMARY KEY)[0m
  ↳ lib/tasks/database.rake:5
  [1m[35m (1.3ms)[0m  [1m[35mCREATE TABLE "ar_internal_metadata" ("key" varchar NOT NULL PRIMARY KEY, "value" varchar, "created_at" datetime NOT NULL, "updated_at" datetime NOT NULL)[0m
  ↳ lib/tasks/database.rake:5
  [1m[35m (0.2ms)[0m  [1m[34mSELECT "schema_migrations"."version" FROM "schema_migrations" ORDER BY "schema_migrations"."version" ASC[0m
  ↳ lib/tasks/database.rake:5
Migrating to CreateMembers (20190609051752)
  [1m[35m (0.1ms)[0m  [1m[36mbegin transaction[0m
  ↳ lib/tasks/database.rake:5
  [1m[35m (0.7ms)[0m  [1m[35mCREATE TABLE "members" ("id" integer PRIMARY KEY AUTOINCREMENT NOT NULL, "number" integer NOT NULL, "name" varchar NOT NULL, "full_name" varchar, "email" varchar, "birthday" date, "sex" integer DEFAULT 1 NOT NULL, "administrator" boolean DEFAULT 0 NOT NULL, "created_at" datetime NOT NULL, "updated_at" datetime NOT NULL)[0m
  ↳ db/migrate/20190609051752_create_members.rb:3
  [1m[36mActiveRecord::SchemaMigration Create (0.3ms)[0m  [1m[32mINSERT INTO "schema_migrations" ("version") VALUES (?)[0m  [["version", "20190609051752"]]
  ↳ lib/tasks/database.rake:5
  [1m[35m (0.8ms)[0m  [1m[36mcommit transaction[0m
  ↳ lib/tasks/database.rake:5
  [1m[36mActiveRecord::InternalMetadata Load (0.2ms)[0m  [1m[34mSELECT  "ar_internal_metadata".* FROM "ar_internal_metadata" WHERE "ar_internal_metadata"."key" = ? LIMIT ?[0m  [["key", "environment"], ["LIMIT", 1]]
  ↳ lib/tasks/database.rake:5
  [1m[35m (0.1ms)[0m  [1m[36mbegin transaction[0m
  ↳ lib/tasks/database.rake:5
  [1m[36mActiveRecord::InternalMetadata Create (0.6ms)[0m  [1m[32mINSERT INTO "ar_internal_metadata" ("key", "value", "created_at", "updated_at") VALUES (?, ?, ?, ?)[0m  [["key", "environment"], ["value", "development"], ["created_at", "2019-06-09 06:47:35.181138"], ["updated_at", "2019-06-09 06:47:35.181138"]]
  ↳ lib/tasks/database.rake:5
  [1m[35m (1.0ms)[0m  [1m[36mcommit transaction[0m
  ↳ lib/tasks/database.rake:5
  [1m[35m (0.2ms)[0m  [1m[34mSELECT "schema_migrations"."version" FROM "schema_migrations" ORDER BY "schema_migrations"."version" ASC[0m
  ↳ lib/tasks/database.rake:5
  [1m[35m (0.8ms)[0m  [1m[34mSELECT "schema_migrations"."version" FROM "schema_migrations" ORDER BY "schema_migrations"."version" ASC[0m
  ↳ lib/tasks/database.rake:6
  [1m[35m (0.2ms)[0m  [1m[36mbegin transaction[0m
  ↳ db/seeds/development/members.rb:5
  [1m[36mMember Create (0.6ms)[0m  [1m[32mINSERT INTO "members" ("number", "name", "full_name", "email", "birthday", "administrator", "created_at", "updated_at") VALUES (?, ?, ?, ?, ?, ?, ?, ?)[0m  [["number", 10], ["name", "Taro"], ["full_name", "佐藤 太郎"], ["email", "Taro@example.com"], ["birthday", "1981-12-01"], ["administrator", 1], ["created_at", "2019-06-09 06:47:35.238651"], ["updated_at", "2019-06-09 06:47:35.238651"]]
  ↳ db/seeds/development/members.rb:5
  [1m[35m (1.0ms)[0m  [1m[36mcommit transaction[0m
  ↳ db/seeds/development/members.rb:5
  [1m[35m (0.0ms)[0m  [1m[36mbegin transaction[0m
  ↳ db/seeds/development/members.rb:5
  [1m[36mMember Create (0.4ms)[0m  [1m[32mINSERT INTO "members" ("number", "name", "full_name", "email", "birthday", "created_at", "updated_at") VALUES (?, ?, ?, ?, ?, ?, ?)[0m  [["number", 11], ["name", "Jiro"], ["full_name", "鈴木 二郎"], ["email", "Jiro@example.com"], ["birthday", "1981-12-01"], ["created_at", "2019-06-09 06:47:35.243538"], ["updated_at", "2019-06-09 06:47:35.243538"]]
  ↳ db/seeds/development/members.rb:5
  [1m[35m (0.9ms)[0m  [1m[36mcommit transaction[0m
  ↳ db/seeds/development/members.rb:5
  [1m[35m (0.0ms)[0m  [1m[36mbegin transaction[0m
  ↳ db/seeds/development/members.rb:5
  [1m[36mMember Create (0.4ms)[0m  [1m[32mINSERT INTO "members" ("number", "name", "full_name", "email", "birthday", "sex", "created_at", "updated_at") VALUES (?, ?, ?, ?, ?, ?, ?, ?)[0m  [["number", 12], ["name", "Hana"], ["full_name", "高橋 花子"], ["email", "Hana@example.com"], ["birthday", "1981-12-01"], ["sex", 2], ["created_at", "2019-06-09 06:47:35.246389"], ["updated_at", "2019-06-09 06:47:35.246389"]]
  ↳ db/seeds/development/members.rb:5
  [1m[35m (0.8ms)[0m  [1m[36mcommit transaction[0m
  ↳ db/seeds/development/members.rb:5
  [1m[35m (0.0ms)[0m  [1m[36mbegin transaction[0m
  ↳ db/seeds/development/members.rb:5
  [1m[36mMember Create (0.4ms)[0m  [1m[32mINSERT INTO "members" ("number", "name", "full_name", "email", "birthday", "created_at", "updated_at") VALUES (?, ?, ?, ?, ?, ?, ?)[0m  [["number", 13], ["name", "John"], ["full_name", "田中 "], ["email", "John@example.com"], ["birthday", "1981-12-01"], ["created_at", "2019-06-09 06:47:35.249401"], ["updated_at", "2019-06-09 06:47:35.249401"]]
  ↳ db/seeds/development/members.rb:5
  [1m[35m (0.7ms)[0m  [1m[36mcommit transaction[0m
  ↳ db/seeds/development/members.rb:5
  [1m[35m (0.1ms)[0m  [1m[36mbegin transaction[0m
  ↳ db/seeds/development/members.rb:5
  [1m[36mMember Create (0.6ms)[0m  [1m[32mINSERT INTO "members" ("number", "name", "full_name", "email", "birthday", "created_at", "updated_at") VALUES (?, ?, ?, ?, ?, ?, ?)[0m  [["number", 14], ["name", "Mike"], ["full_name", "佐藤 太郎"], ["email", "Mike@example.com"], ["birthday", "1981-12-01"], ["created_at", "2019-06-09 06:47:35.252269"], ["updated_at", "2019-06-09 06:47:35.252269"]]
  ↳ db/seeds/development/members.rb:5
  [1m[35m (1.3ms)[0m  [1m[36mcommit transaction[0m
  ↳ db/seeds/development/members.rb:5
  [1m[35m (0.1ms)[0m  [1m[36mbegin transaction[0m
  ↳ db/seeds/development/members.rb:5
  [1m[36mMember Create (0.8ms)[0m  [1m[32mINSERT INTO "members" ("number", "name", "full_name", "email", "birthday", "sex", "created_at", "updated_at") VALUES (?, ?, ?, ?, ?, ?, ?, ?)[0m  [["number", 15], ["name", "Sophy"], ["full_name", "鈴木 二郎"], ["email", "Sophy@example.com"], ["birthday", "1981-12-01"], ["sex", 2], ["created_at", "2019-06-09 06:47:35.256789"], ["updated_at", "2019-06-09 06:47:35.256789"]]
  ↳ db/seeds/development/members.rb:5
  [1m[35m (1.0ms)[0m  [1m[36mcommit transaction[0m
  ↳ db/seeds/development/members.rb:5
  [1m[35m (0.2ms)[0m  [1m[36mbegin transaction[0m
  ↳ db/seeds/development/members.rb:5
  [1m[36mMember Create (0.4ms)[0m  [1m[32mINSERT INTO "members" ("number", "name", "full_name", "email", "birthday", "created_at", "updated_at") VALUES (?, ?, ?, ?, ?, ?, ?)[0m  [["number", 16], ["name", "Bill"], ["full_name", "高橋 花子"], ["email", "Bill@example.com"], ["birthday", "1981-12-01"], ["created_at", "2019-06-09 06:47:35.261316"], ["updated_at", "2019-06-09 06:47:35.261316"]]
  ↳ db/seeds/development/members.rb:5
  [1m[35m (0.7ms)[0m  [1m[36mcommit transaction[0m
  ↳ db/seeds/development/members.rb:5
  [1m[35m (0.0ms)[0m  [1m[36mbegin transaction[0m
  ↳ db/seeds/development/members.rb:5
  [1m[36mMember Create (0.5ms)[0m  [1m[32mINSERT INTO "members" ("number", "name", "full_name", "email", "birthday", "created_at", "updated_at") VALUES (?, ?, ?, ?, ?, ?, ?)[0m  [["number", 17], ["name", "Alex"], ["full_name", "田中 "], ["email", "Alex@example.com"], ["birthday", "1981-12-01"], ["created_at", "2019-06-09 06:47:35.264242"], ["updated_at", "2019-06-09 06:47:35.264242"]]
  ↳ db/seeds/development/members.rb:5
  [1m[35m (1.2ms)[0m  [1m[36mcommit transaction[0m
  ↳ db/seeds/development/members.rb:5
  [1m[35m (0.0ms)[0m  [1m[36mbegin transaction[0m
  ↳ db/seeds/development/members.rb:5
  [1m[36mMember Create (0.5ms)[0m  [1m[32mINSERT INTO "members" ("number", "name", "full_name", "email", "birthday", "sex", "created_at", "updated_at") VALUES (?, ?, ?, ?, ?, ?, ?, ?)[0m  [["number", 18], ["name", "Mary"], ["full_name", "佐藤 太郎"], ["email", "Mary@example.com"], ["birthday", "1981-12-01"], ["sex", 2], ["created_at", "2019-06-09 06:47:35.267829"], ["updated_at", "2019-06-09 06:47:35.267829"]]
  ↳ db/seeds/development/members.rb:5
  [1m[35m (0.9ms)[0m  [1m[36mcommit transaction[0m
  ↳ db/seeds/development/members.rb:5
  [1m[35m (0.1ms)[0m  [1m[36mbegin transaction[0m
  ↳ db/seeds/development/members.rb:5
  [1m[36mMember Create (0.9ms)[0m  [1m[32mINSERT INTO "members" ("number", "name", "full_name", "email", "birthday", "created_at", "updated_at") VALUES (?, ?, ?, ?, ?, ?, ?)[0m  [["number", 19], ["name", "Tom"], ["full_name", "鈴木 二郎"], ["email", "Tom@example.com"], ["birthday", "1981-12-01"], ["created_at", "2019-06-09 06:47:35.271479"], ["updated_at", "2019-06-09 06:47:35.271479"]]
  ↳ db/seeds/development/members.rb:5
  [1m[35m (1.1ms)[0m  [1m[36mcommit transaction[0m
  ↳ db/seeds/development/members.rb:5
  [1m[35m (1.1ms)[0m  [1m[34mSELECT "members"."id" FROM "members"[0m
  [1m[36mMember Load (0.9ms)[0m  [1m[34mSELECT  "members".* FROM "members" WHERE "members"."id" = ? LIMIT ?[0m  [["id", 3], ["LIMIT", 1]]
  [1m[36mMember Load (0.3ms)[0m  [1m[34mSELECT  "members".* FROM "members" WHERE "members"."id" = ? LIMIT ?[0m  [["id", 13], ["LIMIT", 1]]
  [1m[36mMember Load (0.6ms)[0m  [1m[34mSELECT  "members".* FROM "members" WHERE "members"."name" = ? LIMIT ?[0m  [["name", "Taro"], ["LIMIT", 1]]
